# JRE version: OpenJDK Runtime Environment (21.0.6) (build 21.0.6+-13391695-b895.109)
# Java VM: OpenJDK 64-Bit Server VM (21.0.6+-13391695-b895.109, mixed mode, tiered, compressed oops, compressed class ptrs, g1 gc, windows-amd64)
GC Precious Log:
 CardTable entry size: 512
 Card Set container configuration: InlinePtr #cards 5 size 8 Array Of Cards #cards 12 size 40 Howl #buckets 4 coarsen threshold 1843 Howl Bitmap #cards 512 size 80 coarsen threshold 460 Card regions per heap region 1 cards per card region 2048
 CPUs: 8 total, 8 available
 Memory: 15970M
 Large Page Support: Disabled
 NUMA Support: Disabled
 Compressed Oops: Enabled (32-bit)
 Heap Region Size: 1M
 Heap Min Capacity: 8M
 Heap Initial Capacity: 250M
 Heap Max Capacity: 2G
 Pre-touch: Disabled
 Parallel Workers: 8
 Concurrent Workers: 2
 Concurrent Refinement Workers: 8
 Periodic GC: Disabled
Heap:
 garbage-first heap   total 104448K, used 71504K [0x0000000080000000, 0x0000000100000000)
  region size 1024K, 13 young (13312K), 2 survivors (2048K)
 Metaspace       used 78886K, committed 80768K, reserved 983040K
  class space    used 10929K, committed 11840K, reserved 851968K
GC Heap History (20 events):
Event: 29.494 GC heap before
{Heap before GC invocations=17 (full 0):
 garbage-first heap   total 82944K, used 71275K [0x0000000080000000, 0x0000000100000000)
  region size 1024K, 33 young (33792K), 2 survivors (2048K)
 Metaspace       used 60147K, committed 61824K, reserved 917504K
  class space    used 8236K, committed 9088K, reserved 851968K
}
Event: 29.503 GC heap after
{Heap after GC invocations=18 (full 0):
 garbage-first heap   total 82944K, used 45018K [0x0000000080000000, 0x0000000100000000)
  region size 1024K, 5 young (5120K), 5 survivors (5120K)
 Metaspace       used 60147K, committed 61824K, reserved 917504K
  class space    used 8236K, committed 9088K, reserved 851968K
}
Event: 30.406 GC heap before
{Heap before GC invocations=18 (full 0):
 garbage-first heap   total 82944K, used 72666K [0x0000000080000000, 0x0000000100000000)
  region size 1024K, 32 young (32768K), 5 survivors (5120K)
 Metaspace       used 62703K, committed 64448K, reserved 917504K
  class space    used 8656K, committed 9536K, reserved 851968K
}
Event: 30.416 GC heap after
{Heap after GC invocations=19 (full 0):
 garbage-first heap   total 82944K, used 46065K [0x0000000080000000, 0x0000000100000000)
  region size 1024K, 3 young (3072K), 3 survivors (3072K)
 Metaspace       used 62703K, committed 64448K, reserved 917504K
  class space    used 8656K, committed 9536K, reserved 851968K
}
Event: 32.003 GC heap before
{Heap before GC invocations=19 (full 0):
 garbage-first heap   total 82944K, used 60401K [0x0000000080000000, 0x0000000100000000)
  region size 1024K, 18 young (18432K), 3 survivors (3072K)
 Metaspace       used 64091K, committed 65856K, reserved 917504K
  class space    used 8902K, committed 9792K, reserved 851968K
}
Event: 32.012 GC heap after
{Heap after GC invocations=20 (full 0):
 garbage-first heap   total 82944K, used 47019K [0x0000000080000000, 0x0000000100000000)
  region size 1024K, 2 young (2048K), 2 survivors (2048K)
 Metaspace       used 64091K, committed 65856K, reserved 917504K
  class space    used 8902K, committed 9792K, reserved 851968K
}
Event: 34.091 GC heap before
{Heap before GC invocations=21 (full 0):
 garbage-first heap   total 87040K, used 80811K [0x0000000080000000, 0x0000000100000000)
  region size 1024K, 28 young (28672K), 2 survivors (2048K)
 Metaspace       used 66975K, committed 68736K, reserved 917504K
  class space    used 9279K, committed 10176K, reserved 851968K
}
Event: 34.097 GC heap after
{Heap after GC invocations=22 (full 0):
 garbage-first heap   total 87040K, used 55657K [0x0000000080000000, 0x0000000100000000)
  region size 1024K, 3 young (3072K), 3 survivors (3072K)
 Metaspace       used 66975K, committed 68736K, reserved 917504K
  class space    used 9279K, committed 10176K, reserved 851968K
}
Event: 35.557 GC heap before
{Heap before GC invocations=22 (full 0):
 garbage-first heap   total 87040K, used 77161K [0x0000000080000000, 0x0000000100000000)
  region size 1024K, 25 young (25600K), 3 survivors (3072K)
 Metaspace       used 70055K, committed 71872K, reserved 917504K
  class space    used 9682K, committed 10560K, reserved 851968K
}
Event: 35.565 GC heap after
{Heap after GC invocations=23 (full 0):
 garbage-first heap   total 87040K, used 55649K [0x0000000080000000, 0x0000000100000000)
  region size 1024K, 3 young (3072K), 3 survivors (3072K)
 Metaspace       used 70055K, committed 71872K, reserved 917504K
  class space    used 9682K, committed 10560K, reserved 851968K
}
Event: 36.407 GC heap before
{Heap before GC invocations=23 (full 0):
 garbage-first heap   total 87040K, used 78177K [0x0000000080000000, 0x0000000100000000)
  region size 1024K, 25 young (25600K), 3 survivors (3072K)
 Metaspace       used 71994K, committed 73792K, reserved 917504K
  class space    used 9972K, committed 10880K, reserved 851968K
}
Event: 36.412 GC heap after
{Heap after GC invocations=24 (full 0):
 garbage-first heap   total 87040K, used 56814K [0x0000000080000000, 0x0000000100000000)
  region size 1024K, 2 young (2048K), 2 survivors (2048K)
 Metaspace       used 71994K, committed 73792K, reserved 917504K
  class space    used 9972K, committed 10880K, reserved 851968K
}
Event: 37.467 GC heap before
{Heap before GC invocations=25 (full 0):
 garbage-first heap   total 96256K, used 77294K [0x0000000080000000, 0x0000000100000000)
  region size 1024K, 23 young (23552K), 2 survivors (2048K)
 Metaspace       used 73644K, committed 75520K, reserved 917504K
  class space    used 10173K, committed 11072K, reserved 851968K
}
Event: 37.473 GC heap after
{Heap after GC invocations=26 (full 0):
 garbage-first heap   total 96256K, used 57970K [0x0000000080000000, 0x0000000100000000)
  region size 1024K, 3 young (3072K), 3 survivors (3072K)
 Metaspace       used 73644K, committed 75520K, reserved 917504K
  class space    used 10173K, committed 11072K, reserved 851968K
}
Event: 38.683 GC heap before
{Heap before GC invocations=26 (full 0):
 garbage-first heap   total 96256K, used 88690K [0x0000000080000000, 0x0000000100000000)
  region size 1024K, 30 young (30720K), 3 survivors (3072K)
 Metaspace       used 75411K, committed 77248K, reserved 983040K
  class space    used 10437K, committed 11328K, reserved 851968K
}
Event: 38.693 GC heap after
{Heap after GC invocations=27 (full 0):
 garbage-first heap   total 96256K, used 59363K [0x0000000080000000, 0x0000000100000000)
  region size 1024K, 4 young (4096K), 4 survivors (4096K)
 Metaspace       used 75411K, committed 77248K, reserved 983040K
  class space    used 10437K, committed 11328K, reserved 851968K
}
Event: 40.104 GC heap before
{Heap before GC invocations=27 (full 0):
 garbage-first heap   total 96256K, used 84963K [0x0000000080000000, 0x0000000100000000)
  region size 1024K, 29 young (29696K), 4 survivors (4096K)
 Metaspace       used 77161K, committed 79040K, reserved 983040K
  class space    used 10688K, committed 11584K, reserved 851968K
}
Event: 40.112 GC heap after
{Heap after GC invocations=28 (full 0):
 garbage-first heap   total 96256K, used 61843K [0x0000000080000000, 0x0000000100000000)
  region size 1024K, 4 young (4096K), 4 survivors (4096K)
 Metaspace       used 77161K, committed 79040K, reserved 983040K
  class space    used 10688K, committed 11584K, reserved 851968K
}
Event: 41.175 GC heap before
{Heap before GC invocations=29 (full 0):
 garbage-first heap   total 104448K, used 84371K [0x0000000080000000, 0x0000000100000000)
  region size 1024K, 27 young (27648K), 4 survivors (4096K)
 Metaspace       used 78183K, committed 80064K, reserved 983040K
  class space    used 10824K, committed 11776K, reserved 851968K
}
Event: 41.183 GC heap after
{Heap after GC invocations=30 (full 0):
 garbage-first heap   total 104448K, used 62288K [0x0000000080000000, 0x0000000100000000)
  region size 1024K, 2 young (2048K), 2 survivors (2048K)
 Metaspace       used 78183K, committed 80064K, reserved 983040K
  class space    used 10824K, committed 11776K, reserved 851968K
}

