# JRE version: OpenJDK Runtime Environment (21.0.6) (build 21.0.6+-13391695-b895.109)
# Java VM: OpenJDK 64-Bit Server VM (21.0.6+-13391695-b895.109, mixed mode, tiered, compressed oops, compressed class ptrs, g1 gc, windows-amd64)
GC Precious Log:
 CardTable entry size: 512
 Card Set container configuration: InlinePtr #cards 5 size 8 Array Of Cards #cards 12 size 40 Howl #buckets 4 coarsen threshold 1843 Howl Bitmap #cards 512 size 80 coarsen threshold 460 Card regions per heap region 1 cards per card region 2048
 CPUs: 8 total, 8 available
 Memory: 15970M
 Large Page Support: Disabled
 NUMA Support: Disabled
 Compressed Oops: Enabled (32-bit)
 Heap Region Size: 1M
 Heap Min Capacity: 8M
 Heap Initial Capacity: 250M
 Heap Max Capacity: 2G
 Pre-touch: Disabled
 Parallel Workers: 8
 Concurrent Workers: 2
 Concurrent Refinement Workers: 8
 Periodic GC: Disabled
Heap:
 garbage-first heap   total 117760K, used 81347K [0x0000000080000000, 0x0000000100000000)
  region size 1024K, 9 young (9216K), 4 survivors (4096K)
 Metaspace       used 84114K, committed 86144K, reserved 983040K
  class space    used 11700K, committed 12672K, reserved 851968K
GC Heap History (20 events):
Event: 47.103 GC heap before
{Heap before GC invocations=23 (full 0):
 garbage-first heap   total 87040K, used 77769K [0x0000000080000000, 0x0000000100000000)
  region size 1024K, 25 young (25600K), 3 survivors (3072K)
 Metaspace       used 71960K, committed 73792K, reserved 917504K
  class space    used 9963K, committed 10880K, reserved 851968K
}
Event: 47.108 GC heap after
{Heap after GC invocations=24 (full 0):
 garbage-first heap   total 87040K, used 56463K [0x0000000080000000, 0x0000000100000000)
  region size 1024K, 2 young (2048K), 2 survivors (2048K)
 Metaspace       used 71960K, committed 73792K, reserved 917504K
  class space    used 9963K, committed 10880K, reserved 851968K
}
Event: 48.129 GC heap before
{Heap before GC invocations=25 (full 0):
 garbage-first heap   total 96256K, used 76943K [0x0000000080000000, 0x0000000100000000)
  region size 1024K, 23 young (23552K), 2 survivors (2048K)
 Metaspace       used 73596K, committed 75456K, reserved 917504K
  class space    used 10166K, committed 11072K, reserved 851968K
}
Event: 48.135 GC heap after
{Heap after GC invocations=26 (full 0):
 garbage-first heap   total 96256K, used 57465K [0x0000000080000000, 0x0000000100000000)
  region size 1024K, 3 young (3072K), 3 survivors (3072K)
 Metaspace       used 73596K, committed 75456K, reserved 917504K
  class space    used 10166K, committed 11072K, reserved 851968K
}
Event: 49.402 GC heap before
{Heap before GC invocations=26 (full 0):
 garbage-first heap   total 96256K, used 88185K [0x0000000080000000, 0x0000000100000000)
  region size 1024K, 31 young (31744K), 3 survivors (3072K)
 Metaspace       used 75481K, committed 77312K, reserved 983040K
  class space    used 10443K, committed 11328K, reserved 851968K
}
Event: 49.411 GC heap after
{Heap after GC invocations=27 (full 0):
 garbage-first heap   total 96256K, used 60035K [0x0000000080000000, 0x0000000100000000)
  region size 1024K, 4 young (4096K), 4 survivors (4096K)
 Metaspace       used 75481K, committed 77312K, reserved 983040K
  class space    used 10443K, committed 11328K, reserved 851968K
}
Event: 51.706 GC heap before
{Heap before GC invocations=27 (full 0):
 garbage-first heap   total 96256K, used 84611K [0x0000000080000000, 0x0000000100000000)
  region size 1024K, 28 young (28672K), 4 survivors (4096K)
 Metaspace       used 77250K, committed 79104K, reserved 983040K
  class space    used 10692K, committed 11584K, reserved 851968K
}
Event: 51.716 GC heap after
{Heap after GC invocations=28 (full 0):
 garbage-first heap   total 96256K, used 61764K [0x0000000080000000, 0x0000000100000000)
  region size 1024K, 3 young (3072K), 3 survivors (3072K)
 Metaspace       used 77250K, committed 79104K, reserved 983040K
  class space    used 10692K, committed 11584K, reserved 851968K
}
Event: 53.629 GC heap before
{Heap before GC invocations=29 (full 0):
 garbage-first heap   total 104448K, used 85316K [0x0000000080000000, 0x0000000100000000)
  region size 1024K, 27 young (27648K), 3 survivors (3072K)
 Metaspace       used 78138K, committed 80064K, reserved 983040K
  class space    used 10812K, committed 11840K, reserved 851968K
}
Event: 53.640 GC heap after
{Heap after GC invocations=30 (full 0):
 garbage-first heap   total 104448K, used 65676K [0x0000000080000000, 0x0000000100000000)
  region size 1024K, 4 young (4096K), 4 survivors (4096K)
 Metaspace       used 78138K, committed 80064K, reserved 983040K
  class space    used 10812K, committed 11840K, reserved 851968K
}
Event: 55.213 GC heap before
{Heap before GC invocations=30 (full 0):
 garbage-first heap   total 104448K, used 93324K [0x0000000080000000, 0x0000000100000000)
  region size 1024K, 31 young (31744K), 4 survivors (4096K)
 Metaspace       used 80366K, committed 82304K, reserved 983040K
  class space    used 11153K, committed 12160K, reserved 851968K
}
Event: 55.223 GC heap after
{Heap after GC invocations=31 (full 0):
 garbage-first heap   total 104448K, used 66366K [0x0000000080000000, 0x0000000100000000)
  region size 1024K, 2 young (2048K), 2 survivors (2048K)
 Metaspace       used 80366K, committed 82304K, reserved 983040K
  class space    used 11153K, committed 12160K, reserved 851968K
}
Event: 57.366 GC heap before
{Heap before GC invocations=31 (full 0):
 garbage-first heap   total 104448K, used 94014K [0x0000000080000000, 0x0000000100000000)
  region size 1024K, 30 young (30720K), 2 survivors (2048K)
 Metaspace       used 82680K, committed 84672K, reserved 983040K
  class space    used 11553K, committed 12544K, reserved 851968K
}
Event: 57.380 GC heap after
{Heap after GC invocations=32 (full 0):
 garbage-first heap   total 104448K, used 70113K [0x0000000080000000, 0x0000000100000000)
  region size 1024K, 4 young (4096K), 4 survivors (4096K)
 Metaspace       used 82680K, committed 84672K, reserved 983040K
  class space    used 11553K, committed 12544K, reserved 851968K
}
Event: 59.035 GC heap before
{Heap before GC invocations=33 (full 0):
 garbage-first heap   total 117760K, used 91617K [0x0000000080000000, 0x0000000100000000)
  region size 1024K, 26 young (26624K), 4 survivors (4096K)
 Metaspace       used 83659K, committed 85696K, reserved 983040K
  class space    used 11679K, committed 12672K, reserved 851968K
}
Event: 59.051 GC heap after
{Heap after GC invocations=34 (full 0):
 garbage-first heap   total 117760K, used 73192K [0x0000000080000000, 0x0000000100000000)
  region size 1024K, 3 young (3072K), 3 survivors (3072K)
 Metaspace       used 83659K, committed 85696K, reserved 983040K
  class space    used 11679K, committed 12672K, reserved 851968K
}
Event: 59.805 GC heap before
{Heap before GC invocations=34 (full 0):
 garbage-first heap   total 117760K, used 104936K [0x0000000080000000, 0x0000000100000000)
  region size 1024K, 35 young (35840K), 3 survivors (3072K)
 Metaspace       used 84020K, committed 85952K, reserved 983040K
  class space    used 11697K, committed 12672K, reserved 851968K
}
Event: 59.815 GC heap after
{Heap after GC invocations=35 (full 0):
 garbage-first heap   total 117760K, used 76281K [0x0000000080000000, 0x0000000100000000)
  region size 1024K, 5 young (5120K), 5 survivors (5120K)
 Metaspace       used 84020K, committed 85952K, reserved 983040K
  class space    used 11697K, committed 12672K, reserved 851968K
}
Event: 60.273 GC heap before
{Heap before GC invocations=35 (full 0):
 garbage-first heap   total 117760K, used 103929K [0x0000000080000000, 0x0000000100000000)
  region size 1024K, 33 young (33792K), 5 survivors (5120K)
 Metaspace       used 84105K, committed 86080K, reserved 983040K
  class space    used 11700K, committed 12672K, reserved 851968K
}
Event: 60.283 GC heap after
{Heap after GC invocations=36 (full 0):
 garbage-first heap   total 117760K, used 79299K [0x0000000080000000, 0x0000000100000000)
  region size 1024K, 4 young (4096K), 4 survivors (4096K)
 Metaspace       used 84105K, committed 86080K, reserved 983040K
  class space    used 11700K, committed 12672K, reserved 851968K
}

