# JRE version: OpenJDK Runtime Environment (21.0.6) (build 21.0.6+-13391695-b895.109)
# Java VM: OpenJDK 64-Bit Server VM (21.0.6+-13391695-b895.109, mixed mode, tiered, compressed oops, compressed class ptrs, g1 gc, windows-amd64)
GC Precious Log:
 CardTable entry size: 512
 Card Set container configuration: InlinePtr #cards 4 size 8 Array Of Cards #cards 16 size 48 Howl #buckets 8 coarsen threshold 3686 Howl Bitmap #cards 512 size 80 coarsen threshold 460 Card regions per heap region 1 cards per card region 4096
 CPUs: 8 total, 8 available
 Memory: 15970M
 Large Page Support: Disabled
 NUMA Support: Disabled
 Compressed Oops: Enabled (Zero based)
 Heap Region Size: 2M
 Heap Min Capacity: 8M
 Heap Initial Capacity: 250M
 Heap Max Capacity: 4G
 Pre-touch: Disabled
 Parallel Workers: 8
 Concurrent Workers: 2
 Concurrent Refinement Workers: 8
 Periodic GC: Disabled
Heap:
 garbage-first heap   total 487424K, used 453879K [0x0000000700000000, 0x0000000800000000)
  region size 2048K, 2 young (4096K), 2 survivors (4096K)
 Metaspace       used 163551K, committed 166400K, reserved 1245184K
  class space    used 21764K, committed 23168K, reserved 1048576K
GC Heap History (20 events):
Event: 110.220 GC heap after
{Heap after GC invocations=77 (full 0):
 garbage-first heap   total 382976K, used 234631K [0x0000000700000000, 0x0000000800000000)
  region size 2048K, 6 young (12288K), 6 survivors (12288K)
 Metaspace       used 138338K, committed 140864K, reserved 1179648K
  class space    used 18491K, committed 19712K, reserved 1048576K
}
Event: 115.351 GC heap before
{Heap before GC invocations=77 (full 0):
 garbage-first heap   total 382976K, used 347271K [0x0000000700000000, 0x0000000800000000)
  region size 2048K, 63 young (129024K), 6 survivors (12288K)
 Metaspace       used 142469K, committed 145152K, reserved 1179648K
  class space    used 19024K, committed 20288K, reserved 1048576K
}
Event: 115.371 GC heap after
{Heap after GC invocations=78 (full 0):
 garbage-first heap   total 382976K, used 241824K [0x0000000700000000, 0x0000000800000000)
  region size 2048K, 8 young (16384K), 8 survivors (16384K)
 Metaspace       used 142469K, committed 145152K, reserved 1179648K
  class space    used 19024K, committed 20288K, reserved 1048576K
}
Event: 133.112 GC heap before
{Heap before GC invocations=79 (full 0):
 garbage-first heap   total 407552K, used 342176K [0x0000000700000000, 0x0000000800000000)
  region size 2048K, 57 young (116736K), 8 survivors (16384K)
 Metaspace       used 153530K, committed 156288K, reserved 1245184K
  class space    used 20402K, committed 21696K, reserved 1048576K
}
Event: 133.137 GC heap after
{Heap after GC invocations=80 (full 0):
 garbage-first heap   total 407552K, used 255897K [0x0000000700000000, 0x0000000800000000)
  region size 2048K, 7 young (14336K), 7 survivors (14336K)
 Metaspace       used 153530K, committed 156288K, reserved 1245184K
  class space    used 20402K, committed 21696K, reserved 1048576K
}
Event: 137.652 GC heap before
{Heap before GC invocations=80 (full 0):
 garbage-first heap   total 407552K, used 376729K [0x0000000700000000, 0x0000000800000000)
  region size 2048K, 62 young (126976K), 7 survivors (14336K)
 Metaspace       used 157205K, committed 160128K, reserved 1245184K
  class space    used 20715K, committed 22144K, reserved 1048576K
}
Event: 137.673 GC heap after
{Heap after GC invocations=81 (full 0):
 garbage-first heap   total 407552K, used 262735K [0x0000000700000000, 0x0000000800000000)
  region size 2048K, 6 young (12288K), 6 survivors (12288K)
 Metaspace       used 157205K, committed 160128K, reserved 1245184K
  class space    used 20715K, committed 22144K, reserved 1048576K
}
Event: 138.158 GC heap before
{Heap before GC invocations=81 (full 0):
 garbage-first heap   total 407552K, used 279119K [0x0000000700000000, 0x0000000800000000)
  region size 2048K, 16 young (32768K), 6 survivors (12288K)
 Metaspace       used 157479K, committed 160384K, reserved 1245184K
  class space    used 20746K, committed 22144K, reserved 1048576K
}
Event: 138.169 GC heap after
{Heap after GC invocations=82 (full 0):
 garbage-first heap   total 407552K, used 263032K [0x0000000700000000, 0x0000000800000000)
  region size 2048K, 3 young (6144K), 3 survivors (6144K)
 Metaspace       used 157479K, committed 160384K, reserved 1245184K
  class space    used 20746K, committed 22144K, reserved 1048576K
}
Event: 143.575 GC heap before
{Heap before GC invocations=83 (full 0):
 garbage-first heap   total 471040K, used 428920K [0x0000000700000000, 0x0000000800000000)
  region size 2048K, 56 young (114688K), 3 survivors (6144K)
 Metaspace       used 160753K, committed 163584K, reserved 1245184K
  class space    used 21214K, committed 22592K, reserved 1048576K
}
Event: 143.601 GC heap after
{Heap after GC invocations=84 (full 0):
 garbage-first heap   total 475136K, used 337278K [0x0000000700000000, 0x0000000800000000)
  region size 2048K, 7 young (14336K), 7 survivors (14336K)
 Metaspace       used 160753K, committed 163584K, reserved 1245184K
  class space    used 21214K, committed 22592K, reserved 1048576K
}
Event: 145.582 GC heap before
{Heap before GC invocations=84 (full 0):
 garbage-first heap   total 475136K, used 429438K [0x0000000700000000, 0x0000000800000000)
  region size 2048K, 51 young (104448K), 7 survivors (14336K)
 Metaspace       used 163521K, committed 166336K, reserved 1245184K
  class space    used 21762K, committed 23104K, reserved 1048576K
}
Event: 145.646 GC heap after
{Heap after GC invocations=85 (full 0):
 garbage-first heap   total 487424K, used 372736K [0x0000000700000000, 0x0000000800000000)
  region size 2048K, 7 young (14336K), 7 survivors (14336K)
 Metaspace       used 163521K, committed 166336K, reserved 1245184K
  class space    used 21762K, committed 23104K, reserved 1048576K
}
Event: 146.168 GC heap before
{Heap before GC invocations=85 (full 0):
 garbage-first heap   total 487424K, used 436224K [0x0000000700000000, 0x0000000800000000)
  region size 2048K, 39 young (79872K), 7 survivors (14336K)
 Metaspace       used 163546K, committed 166400K, reserved 1245184K
  class space    used 21764K, committed 23168K, reserved 1048576K
}
Event: 146.231 GC heap after
{Heap after GC invocations=86 (full 0):
 garbage-first heap   total 487424K, used 407552K [0x0000000700000000, 0x0000000800000000)
  region size 2048K, 5 young (10240K), 5 survivors (10240K)
 Metaspace       used 163546K, committed 166400K, reserved 1245184K
  class space    used 21764K, committed 23168K, reserved 1048576K
}
Event: 146.535 GC heap before
{Heap before GC invocations=86 (full 0):
 garbage-first heap   total 487424K, used 446464K [0x0000000700000000, 0x0000000800000000)
  region size 2048K, 24 young (49152K), 5 survivors (10240K)
 Metaspace       used 163546K, committed 166400K, reserved 1245184K
  class space    used 21764K, committed 23168K, reserved 1048576K
}
Event: 146.567 GC heap after
{Heap after GC invocations=87 (full 0):
 garbage-first heap   total 487424K, used 429688K [0x0000000700000000, 0x0000000800000000)
  region size 2048K, 3 young (6144K), 3 survivors (6144K)
 Metaspace       used 163546K, committed 166400K, reserved 1245184K
  class space    used 21764K, committed 23168K, reserved 1048576K
}
Event: 146.713 GC heap before
{Heap before GC invocations=87 (full 0):
 garbage-first heap   total 487424K, used 454264K [0x0000000700000000, 0x0000000800000000)
  region size 2048K, 15 young (30720K), 3 survivors (6144K)
 Metaspace       used 163546K, committed 166400K, reserved 1245184K
  class space    used 21764K, committed 23168K, reserved 1048576K
}
Event: 146.735 GC heap after
{Heap after GC invocations=88 (full 0):
 garbage-first heap   total 487424K, used 443651K [0x0000000700000000, 0x0000000800000000)
  region size 2048K, 2 young (4096K), 2 survivors (4096K)
 Metaspace       used 163546K, committed 166400K, reserved 1245184K
  class space    used 21764K, committed 23168K, reserved 1048576K
}
Event: 146.938 GC heap before
{Heap before GC invocations=88 (full 0):
 garbage-first heap   total 487424K, used 462083K [0x0000000700000000, 0x0000000800000000)
  region size 2048K, 11 young (22528K), 2 survivors (4096K)
 Metaspace       used 163551K, committed 166400K, reserved 1245184K
  class space    used 21764K, committed 23168K, reserved 1048576K
}

